<?xml version="1.0" encoding="UTF-8" ?>
<testsuite errors="0" failures="0" hostname="DESKTOP-O3B6NKG" name="mutex.BakeryTest" skipped="0" tests="1" time="0.41" timestamp="2021-10-02T23:43:33">
  <properties>
[...]
</properties>
  <testcase classname="mutex.BakeryTest" name="testParallel" time="0.261" />
  <system-out><![CDATA[time take by thread id: is: 146600
time take by thread id: is: 45500
time take by thread id: is: 5100
time take by thread id: is: 6200
time take by thread id: is: 31800
time take by thread id: is: 28300
time take by thread id: is: 5500
time take by thread id: is: 8200
time take by thread id: is: 5300
time take by thread id: is: 4100
time take by thread id: is: 6600
time take by thread id: is: 7000
time take by thread id: is: 4400
time take by thread id: is: 4400
time take by thread id: is: 4400
time take by thread id: is: 108700
time take by thread id: is: 4600
time take by thread id: is: 4300
time take by thread id: is: 4400
time take by thread id: is: 11800
time take by thread id: is: 4800
time take by thread id: is: 4200
time take by thread id: is: 13300
time take by thread id: is: 5300
time take by thread id: is: 10500
time take by thread id: is: 5900
time take by thread id: is: 4700
time take by thread id: is: 14100
time take by thread id: is: 5000
time take by thread id: is: 4500
time take by thread id: is: 6700
time take by thread id: is: 10800
time take by thread id: is: 4500
time take by thread id: is: 4200
time take by thread id: is: 4100
time take by thread id: is: 3700
time take by thread id: is: 3700
time take by thread id: is: 3800
time take by thread id: is: 3700
time take by thread id: is: 3900
time take by thread id: is: 5300
time take by thread id: is: 3500
time take by thread id: is: 14700
time take by thread id: is: 5500
time take by thread id: is: 8200
time take by thread id: is: 6000
time take by thread id: is: 5100
time take by thread id: is: 3900
time take by thread id: is: 5800
time take by thread id: is: 4400
time take by thread id: is: 5100
time take by thread id: is: 5300
time take by thread id: is: 4200
time take by thread id: is: 9200
time take by thread id: is: 4600
time take by thread id: is: 18000
time take by thread id: is: 5300
time take by thread id: is: 5600
time take by thread id: is: 4500
time take by thread id: is: 4400
time take by thread id: is: 5000
time take by thread id: is: 5200
time take by thread id: is: 5400
time take by thread id: is: 7300
time take by thread id: is: 43800
time take by thread id: is: 6100
time take by thread id: is: 78100
time take by thread id: is: 4900
time take by thread id: is: 16100
time take by thread id: is: 4500
time take by thread id: is: 4100
time take by thread id: is: 3900
time take by thread id: is: 4300
time take by thread id: is: 4400
time take by thread id: is: 6500
time take by thread id: is: 7300
time take by thread id: is: 5600
time take by thread id: is: 3900
time take by thread id: is: 4000
time take by thread id: is: 3800
time take by thread id: is: 4800
time take by thread id: is: 3700
time take by thread id: is: 4400
time take by thread id: is: 5600
time take by thread id: is: 5700
time take by thread id: is: 4500
time take by thread id: is: 4200
time take by thread id: is: 3800
time take by thread id: is: 4100
time take by thread id: is: 4300
time take by thread id: is: 4200
time take by thread id: is: 4200
time take by thread id: is: 4700
time take by thread id: is: 4000
time take by thread id: is: 5800
time take by thread id: is: 7600
time take by thread id: is: 4300
time take by thread id: is: 4400
time take by thread id: is: 4300
time take by thread id: is: 4200
time take by thread id: is: 4300
time take by thread id: is: 4300
time take by thread id: is: 4000
time take by thread id: is: 4300
time take by thread id: is: 4000
time take by thread id: is: 4300
time take by thread id: is: 4500
time take by thread id: is: 4300
time take by thread id: is: 4300
time take by thread id: is: 4300
time take by thread id: is: 4100
time take by thread id: is: 4000
time take by thread id: is: 4100
time take by thread id: is: 4000
time take by thread id: is: 3800
time take by thread id: is: 4000
time take by thread id: is: 3900
time take by thread id: is: 7400
time take by thread id: is: 7400
time take by thread id: is: 5200
time take by thread id: is: 5700
time take by thread id: is: 5400
time take by thread id: is: 5400
time take by thread id: is: 4400
time take by thread id: is: 4900
time take by thread id: is: 5100
time take by thread id: is: 5200
time take by thread id: is: 4400
time take by thread id: is: 38700
time take by thread id: is: 104400
time take by thread id: is: 3300
time take by thread id: is: 23100
time take by thread id: is: 3700
time take by thread id: is: 2700
time take by thread id: is: 2500
time take by thread id: is: 2300
time take by thread id: is: 23800
time take by thread id: is: 3100
time take by thread id: is: 3000
time take by thread id: is: 2600
time take by thread id: is: 2800
time take by thread id: is: 2700
time take by thread id: is: 91000
time take by thread id: is: 11900
time take by thread id: is: 24900
time take by thread id: is: 2700
time take by thread id: is: 2800
time take by thread id: is: 2400
time take by thread id: is: 2700
time take by thread id: is: 2400
time take by thread id: is: 2300
time take by thread id: is: 2700
time take by thread id: is: 2300
time take by thread id: is: 5400
time take by thread id: is: 2100
time take by thread id: is: 2400
time take by thread id: is: 2300
time take by thread id: is: 1900
time take by thread id: is: 2200
time take by thread id: is: 1800
time take by thread id: is: 1800
time take by thread id: is: 2200
time take by thread id: is: 2500
time take by thread id: is: 1800
time take by thread id: is: 36400
time take by thread id: is: 2900
time take by thread id: is: 15000
time take by thread id: is: 2900
time take by thread id: is: 2000
time take by thread id: is: 1900
time take by thread id: is: 1900
time take by thread id: is: 15000
time take by thread id: is: 4200
time take by thread id: is: 30700
time take by thread id: is: 33500
time take by thread id: is: 14200
time take by thread id: is: 19800
time take by thread id: is: 34900
time take by thread id: is: 2200
time take by thread id: is: 1800
time take by thread id: is: 1600
time take by thread id: is: 1900
time take by thread id: is: 2100
time take by thread id: is: 1900
time take by thread id: is: 2000
time take by thread id: is: 2800
time take by thread id: is: 12200
time take by thread id: is: 9000
time take by thread id: is: 1500
time take by thread id: is: 1100
time take by thread id: is: 1100
time take by thread id: is: 1000
time take by thread id: is: 900
time take by thread id: is: 800
time take by thread id: is: 800
time take by thread id: is: 900
time take by thread id: is: 900
time take by thread id: is: 900
time take by thread id: is: 1000
time take by thread id: is: 800
time take by thread id: is: 800
time take by thread id: is: 700
time take by thread id: is: 1000
time take by thread id: is: 800
time take by thread id: is: 900
time take by thread id: is: 700
time take by thread id: is: 1000
time take by thread id: is: 1000
time take by thread id: is: 900
time take by thread id: is: 800
time take by thread id: is: 1000
time take by thread id: is: 900
time take by thread id: is: 800
time take by thread id: is: 800
time take by thread id: is: 900
time take by thread id: is: 900
time take by thread id: is: 800
time take by thread id: is: 800
time take by thread id: is: 800
time take by thread id: is: 800
time take by thread id: is: 900
time take by thread id: is: 700
time take by thread id: is: 800
time take by thread id: is: 800
time take by thread id: is: 700
time take by thread id: is: 900
time take by thread id: is: 900
time take by thread id: is: 900
time take by thread id: is: 800
time take by thread id: is: 1000
time take by thread id: is: 800
time take by thread id: is: 900
time take by thread id: is: 1000
time take by thread id: is: 1000
time take by thread id: is: 900
time take by thread id: is: 4100
time take by thread id: is: 2500
time take by thread id: is: 1300
time take by thread id: is: 1200
time take by thread id: is: 900
time take by thread id: is: 2900
time take by thread id: is: 1300
time take by thread id: is: 1500
time take by thread id: is: 1100
time take by thread id: is: 1800
time take by thread id: is: 1800
time take by thread id: is: 5900
time take by thread id: is: 381500
time take by thread id: is: 14700
time take by thread id: is: 1300
time take by thread id: is: 1000
time take by thread id: is: 1000
time take by thread id: is: 900
time take by thread id: is: 1405700
time take by thread id: is: 2000
time take by thread id: is: 1100
time take by thread id: is: 1000
time take by thread id: is: 1000
time take by thread id: is: 800
time take by thread id: is: 800
time take by thread id: is: 900
time take by thread id: is: 700
time take by thread id: is: 1000
time take by thread id: is: 900
time take by thread id: is: 900
time take by thread id: is: 800
time take by thread id: is: 800
time take by thread id: is: 1000
time take by thread id: is: 700
time take by thread id: is: 700
time take by thread id: is: 1100
time take by thread id: is: 600
time take by thread id: is: 900
time take by thread id: is: 1000
time take by thread id: is: 800
time take by thread id: is: 1100
time take by thread id: is: 900
time take by thread id: is: 1100
time take by thread id: is: 1000
time take by thread id: is: 900
time take by thread id: is: 800
time take by thread id: is: 1000
time take by thread id: is: 700
time take by thread id: is: 800
time take by thread id: is: 900
time take by thread id: is: 700
time take by thread id: is: 700
time take by thread id: is: 1200
time take by thread id: is: 800
time take by thread id: is: 800
time take by thread id: is: 900
time take by thread id: is: 700
time take by thread id: is: 800
time take by thread id: is: 800
time take by thread id: is: 900
time take by thread id: is: 900
time take by thread id: is: 900
time take by thread id: is: 900
time take by thread id: is: 1000
time take by thread id: is: 1100
time take by thread id: is: 1400
time take by thread id: is: 1100
time take by thread id: is: 1000
time take by thread id: is: 900
time take by thread id: is: 1000
time take by thread id: is: 900
time take by thread id: is: 900
time take by thread id: is: 2100
time take by thread id: is: 3500
time take by thread id: is: 1100
time take by thread id: is: 1000
time take by thread id: is: 700
time take by thread id: is: 800
time take by thread id: is: 900
time take by thread id: is: 700
time take by thread id: is: 7200
time take by thread id: is: 900
time take by thread id: is: 700
time take by thread id: is: 2200
time take by thread id: is: 1000
time take by thread id: is: 1000
time take by thread id: is: 1000
time take by thread id: is: 800
time take by thread id: is: 700
time take by thread id: is: 800
time take by thread id: is: 1100
time take by thread id: is: 700
time take by thread id: is: 700
time take by thread id: is: 600
time take by thread id: is: 800
time take by thread id: is: 900
time take by thread id: is: 700
time take by thread id: is: 800
time take by thread id: is: 900
time take by thread id: is: 600
time take by thread id: is: 900
time take by thread id: is: 700
time take by thread id: is: 700
time take by thread id: is: 700
time take by thread id: is: 700
time take by thread id: is: 800
time take by thread id: is: 800
time take by thread id: is: 600
time take by thread id: is: 700
time take by thread id: is: 600
time take by thread id: is: 600
time take by thread id: is: 600
time take by thread id: is: 800
time take by thread id: is: 600
time take by thread id: is: 700
time take by thread id: is: 600
time take by thread id: is: 600
time take by thread id: is: 700
time take by thread id: is: 600
time take by thread id: is: 700
time take by thread id: is: 600
time take by thread id: is: 700
time take by thread id: is: 700
time take by thread id: is: 700
time take by thread id: is: 700
time take by thread id: is: 600
time take by thread id: is: 600
time take by thread id: is: 700
time take by thread id: is: 600
time take by thread id: is: 600
time take by thread id: is: 700
time take by thread id: is: 1600
time take by thread id: is: 2000
time take by thread id: is: 1900
time take by thread id: is: 700
time take by thread id: is: 700
time take by thread id: is: 700
time take by thread id: is: 700
time take by thread id: is: 900
time take by thread id: is: 700
time take by thread id: is: 3000
time take by thread id: is: 2000
time take by thread id: is: 6400
time take by thread id: is: 1100
time take by thread id: is: 800
time take by thread id: is: 600
time take by thread id: is: 700
time take by thread id: is: 1400
time take by thread id: is: 7800
time take by thread id: is: 1500
time take by thread id: is: 700
time take by thread id: is: 8700
time take by thread id: is: 700
time take by thread id: is: 700
time take by thread id: is: 700
time take by thread id: is: 1100
time take by thread id: is: 700
time take by thread id: is: 800
time take by thread id: is: 800
time take by thread id: is: 700
time take by thread id: is: 800
time take by thread id: is: 3100
time take by thread id: is: 10300
time take by thread id: is: 1000
time take by thread id: is: 700
time take by thread id: is: 800
time take by thread id: is: 900
time take by thread id: is: 700
time take by thread id: is: 600
time take by thread id: is: 700
time take by thread id: is: 600
time take by thread id: is: 700
time take by thread id: is: 1000
time take by thread id: is: 800
time take by thread id: is: 700
time take by thread id: is: 700
time take by thread id: is: 1200
time take by thread id: is: 700
time take by thread id: is: 600
time take by thread id: is: 1000
time take by thread id: is: 800
time take by thread id: is: 700
time take by thread id: is: 700
time take by thread id: is: 900
time take by thread id: is: 600
time take by thread id: is: 1600
time take by thread id: is: 900
time take by thread id: is: 800
time take by thread id: is: 700
time take by thread id: is: 600
time take by thread id: is: 600
time take by thread id: is: 800
time take by thread id: is: 700
time take by thread id: is: 700
time take by thread id: is: 700
time take by thread id: is: 700
time take by thread id: is: 700
time take by thread id: is: 600
time take by thread id: is: 1200
time take by thread id: is: 600
time take by thread id: is: 800
time take by thread id: is: 600
time take by thread id: is: 900
time take by thread id: is: 700
time take by thread id: is: 600
time take by thread id: is: 900
time take by thread id: is: 800
time take by thread id: is: 800
time take by thread id: is: 800
time take by thread id: is: 500
time take by thread id: is: 600
time take by thread id: is: 1000
time take by thread id: is: 3900
time take by thread id: is: 1200
time take by thread id: is: 800
time take by thread id: is: 700
time take by thread id: is: 900
time take by thread id: is: 700
time take by thread id: is: 700
time take by thread id: is: 700
time take by thread id: is: 700
time take by thread id: is: 700
time take by thread id: is: 900
time take by thread id: is: 600
time take by thread id: is: 800
time take by thread id: is: 600
time take by thread id: is: 700
time take by thread id: is: 900
time take by thread id: is: 700
time take by thread id: is: 700
time take by thread id: is: 700
time take by thread id: is: 900
time take by thread id: is: 700
time take by thread id: is: 1600
time take by thread id: is: 600
time take by thread id: is: 700
time take by thread id: is: 700
time take by thread id: is: 700
time take by thread id: is: 21600
time take by thread id: is: 1700
time take by thread id: is: 800
time take by thread id: is: 800
time take by thread id: is: 1000
time take by thread id: is: 700
time take by thread id: is: 800
time take by thread id: is: 800
time take by thread id: is: 900
time take by thread id: is: 800
time take by thread id: is: 700
time take by thread id: is: 600
time take by thread id: is: 600
time take by thread id: is: 700
time take by thread id: is: 1200
time take by thread id: is: 700
time take by thread id: is: 700
time take by thread id: is: 1000
time take by thread id: is: 700
time take by thread id: is: 700
time take by thread id: is: 600
time take by thread id: is: 900
time take by thread id: is: 700
time take by thread id: is: 600
time take by thread id: is: 600
time take by thread id: is: 700
time take by thread id: is: 6800
time take by thread id: is: 600
time take by thread id: is: 600
time take by thread id: is: 700
time take by thread id: is: 700
time take by thread id: is: 800
time take by thread id: is: 1000
time take by thread id: is: 800
time take by thread id: is: 600
time take by thread id: is: 600
time take by thread id: is: 800
time take by thread id: is: 800
time take by thread id: is: 700
time take by thread id: is: 600
time take by thread id: is: 600
time take by thread id: is: 600
time take by thread id: is: 1000
time take by thread id: is: 1000
time take by thread id: is: 600
time take by thread id: is: 600
time take by thread id: is: 700
time take by thread id: is: 600
time take by thread id: is: 800
time take by thread id: is: 600
time take by thread id: is: 600
time take by thread id: is: 600
time take by thread id: is: 700
time take by thread id: is: 600
time take by thread id: is: 600
time take by thread id: is: 900
time take by thread id: is: 700
time take by thread id: is: 600
time take by thread id: is: 700
time take by thread id: is: 600
time take by thread id: is: 1000
time take by thread id: is: 800
time take by thread id: is: 1400
time take by thread id: is: 1500
time take by thread id: is: 700
time take by thread id: is: 800
time take by thread id: is: 700
time take by thread id: is: 700
time take by thread id: is: 700
time take by thread id: is: 600
time take by thread id: is: 800
time take by thread id: is: 900
time take by thread id: is: 600
time take by thread id: is: 700
time take by thread id: is: 600
time take by thread id: is: 600
time take by thread id: is: 700
time take by thread id: is: 600
time take by thread id: is: 600
time take by thread id: is: 700
time take by thread id: is: 700
time take by thread id: is: 800
time take by thread id: is: 700
time take by thread id: is: 600
time take by thread id: is: 600
time take by thread id: is: 600
time take by thread id: is: 2047500
time take by thread id: is: 1900
time take by thread id: is: 1000
time take by thread id: is: 900
time take by thread id: is: 900
time take by thread id: is: 1000
time take by thread id: is: 1000
time take by thread id: is: 1100
time take by thread id: is: 900
time take by thread id: is: 1000
time take by thread id: is: 1100
time take by thread id: is: 28700
time take by thread id: is: 1600
time take by thread id: is: 900
time take by thread id: is: 700
time take by thread id: is: 900
time take by thread id: is: 1100
time take by thread id: is: 700
time take by thread id: is: 800
time take by thread id: is: 1100
time take by thread id: is: 5600
time take by thread id: is: 1400
time take by thread id: is: 1100
time take by thread id: is: 900
time take by thread id: is: 800
time take by thread id: is: 700
time take by thread id: is: 900
time take by thread id: is: 900
time take by thread id: is: 700
time take by thread id: is: 700
time take by thread id: is: 700
time take by thread id: is: 800
time take by thread id: is: 700
time take by thread id: is: 800
time take by thread id: is: 900
time take by thread id: is: 700
time take by thread id: is: 1500
time take by thread id: is: 1600
time take by thread id: is: 1900
time take by thread id: is: 1000
time take by thread id: is: 700
time take by thread id: is: 700
time take by thread id: is: 900
time take by thread id: is: 700
time take by thread id: is: 600
time take by thread id: is: 800
time take by thread id: is: 800
time take by thread id: is: 700
time take by thread id: is: 800
time take by thread id: is: 700
time take by thread id: is: 800
time take by thread id: is: 800
time take by thread id: is: 800
time take by thread id: is: 700
time take by thread id: is: 15300
time take by thread id: is: 1400
time take by thread id: is: 1000
time take by thread id: is: 600
time take by thread id: is: 900
time take by thread id: is: 700
time take by thread id: is: 600
time take by thread id: is: 700
time take by thread id: is: 8300
time take by thread id: is: 1700
time take by thread id: is: 1500
time take by thread id: is: 700
time take by thread id: is: 700
time take by thread id: is: 700
time take by thread id: is: 900
time take by thread id: is: 600
time take by thread id: is: 700
time take by thread id: is: 700
time take by thread id: is: 700
time take by thread id: is: 5600
time take by thread id: is: 1400
time take by thread id: is: 1400
time take by thread id: is: 800
time take by thread id: is: 700
time take by thread id: is: 7100
time take by thread id: is: 800
time take by thread id: is: 900
time take by thread id: is: 1000
time take by thread id: is: 1500
time take by thread id: is: 800
time take by thread id: is: 900
time take by thread id: is: 700
time take by thread id: is: 700
time take by thread id: is: 700
time take by thread id: is: 800
time take by thread id: is: 1700
time take by thread id: is: 1100
time take by thread id: is: 800
time take by thread id: is: 700
time take by thread id: is: 800
time take by thread id: is: 1000
time take by thread id: is: 700
time take by thread id: is: 700
time take by thread id: is: 700
time take by thread id: is: 600
time take by thread id: is: 2100
time take by thread id: is: 6300
time take by thread id: is: 7400
time take by thread id: is: 800
time take by thread id: is: 600
time take by thread id: is: 600
time take by thread id: is: 700
time take by thread id: is: 600
time take by thread id: is: 600
time take by thread id: is: 500
time take by thread id: is: 700
time take by thread id: is: 600
time take by thread id: is: 800
time take by thread id: is: 800
time take by thread id: is: 600
time take by thread id: is: 600
time take by thread id: is: 700
time take by thread id: is: 700
time take by thread id: is: 600
time take by thread id: is: 800
time take by thread id: is: 900
time take by thread id: is: 600
time take by thread id: is: 800
time take by thread id: is: 700
time take by thread id: is: 600
time take by thread id: is: 700
time take by thread id: is: 700
time take by thread id: is: 600
time take by thread id: is: 600
time take by thread id: is: 600
time take by thread id: is: 600
time take by thread id: is: 600
time take by thread id: is: 600
time take by thread id: is: 500
time take by thread id: is: 600
time take by thread id: is: 700
time take by thread id: is: 700
time take by thread id: is: 800
time take by thread id: is: 600
time take by thread id: is: 700
time take by thread id: is: 800
time take by thread id: is: 700
time take by thread id: is: 800
time take by thread id: is: 800
time take by thread id: is: 900
time take by thread id: is: 600
time take by thread id: is: 600
time take by thread id: is: 800
time take by thread id: is: 800
time take by thread id: is: 700
time take by thread id: is: 800
time take by thread id: is: 600
time take by thread id: is: 700
time take by thread id: is: 600
time take by thread id: is: 800
time take by thread id: is: 600
time take by thread id: is: 900
time take by thread id: is: 600
time take by thread id: is: 500
time take by thread id: is: 600
time take by thread id: is: 500
time take by thread id: is: 600
time take by thread id: is: 700
time take by thread id: is: 600
time take by thread id: is: 2600
time take by thread id: is: 1200
time take by thread id: is: 800
time take by thread id: is: 900
time take by thread id: is: 800
time take by thread id: is: 700
time take by thread id: is: 800
time take by thread id: is: 700
time take by thread id: is: 700
time take by thread id: is: 700
time take by thread id: is: 800
time take by thread id: is: 700
time take by thread id: is: 600
time take by thread id: is: 800
time take by thread id: is: 700
time take by thread id: is: 700
time take by thread id: is: 600
time take by thread id: is: 700
time take by thread id: is: 800
time take by thread id: is: 700
time take by thread id: is: 800
time take by thread id: is: 800
time take by thread id: is: 700
time take by thread id: is: 700
time take by thread id: is: 1800
time take by thread id: is: 800
time take by thread id: is: 700
time take by thread id: is: 700
time take by thread id: is: 700
time take by thread id: is: 800
time take by thread id: is: 700
time take by thread id: is: 700
time take by thread id: is: 700
time take by thread id: is: 700
time take by thread id: is: 600
time take by thread id: is: 700
time take by thread id: is: 600
time take by thread id: is: 600
time take by thread id: is: 600
time take by thread id: is: 600
time take by thread id: is: 700
time take by thread id: is: 600
time take by thread id: is: 600
time take by thread id: is: 700
time take by thread id: is: 600
time take by thread id: is: 600
time take by thread id: is: 59300
time take by thread id: is: 1100
time take by thread id: is: 1100
time take by thread id: is: 700
time take by thread id: is: 700
time take by thread id: is: 700
time take by thread id: is: 700
time take by thread id: is: 700
time take by thread id: is: 700
time take by thread id: is: 600
time take by thread id: is: 700
time take by thread id: is: 700
time take by thread id: is: 700
time take by thread id: is: 700
time take by thread id: is: 700
time take by thread id: is: 6100
time take by thread id: is: 1200
time take by thread id: is: 1300
time take by thread id: is: 600
time take by thread id: is: 600
time take by thread id: is: 500
time take by thread id: is: 600
time take by thread id: is: 600
time take by thread id: is: 700
time take by thread id: is: 800
time take by thread id: is: 700
time take by thread id: is: 600
time take by thread id: is: 500
time take by thread id: is: 700
time take by thread id: is: 1000
time take by thread id: is: 700
time take by thread id: is: 700
time take by thread id: is: 1200
time take by thread id: is: 900
time take by thread id: is: 600
time take by thread id: is: 700
time take by thread id: is: 1100
time take by thread id: is: 600
time take by thread id: is: 800
time take by thread id: is: 700
time take by thread id: is: 500
time take by thread id: is: 7900
time take by thread id: is: 900
time take by thread id: is: 900
time take by thread id: is: 700
time take by thread id: is: 600
time take by thread id: is: 800
time take by thread id: is: 900
time take by thread id: is: 800
time take by thread id: is: 700
time take by thread id: is: 800
time take by thread id: is: 900
time take by thread id: is: 900
time take by thread id: is: 800
time take by thread id: is: 800
time take by thread id: is: 700
time take by thread id: is: 800
time take by thread id: is: 900
time take by thread id: is: 600
time take by thread id: is: 800
time take by thread id: is: 900
time take by thread id: is: 800
time take by thread id: is: 700
time take by thread id: is: 700
time take by thread id: is: 21300
time take by thread id: is: 5600
time take by thread id: is: 900
time take by thread id: is: 600
time take by thread id: is: 700
time take by thread id: is: 600
time take by thread id: is: 900
time take by thread id: is: 700
time take by thread id: is: 600
time take by thread id: is: 600
time take by thread id: is: 700
time take by thread id: is: 600
time take by thread id: is: 600
time take by thread id: is: 1800
time take by thread id: is: 700
time take by thread id: is: 900
time take by thread id: is: 700
time take by thread id: is: 700
time take by thread id: is: 700
time take by thread id: is: 700
time take by thread id: is: 800
time take by thread id: is: 600
time take by thread id: is: 700
time take by thread id: is: 900
time take by thread id: is: 800
time take by thread id: is: 600
time take by thread id: is: 700
time take by thread id: is: 600
time take by thread id: is: 700
time take by thread id: is: 13400
time take by thread id: is: 1100
time take by thread id: is: 700
time take by thread id: is: 600
time take by thread id: is: 1300
time take by thread id: is: 1400
time take by thread id: is: 700
time take by thread id: is: 700
time take by thread id: is: 700
time take by thread id: is: 600
time take by thread id: is: 1100
time take by thread id: is: 600
time take by thread id: is: 700
time take by thread id: is: 800
time take by thread id: is: 700
time take by thread id: is: 800
time take by thread id: is: 700
time take by thread id: is: 700
time take by thread id: is: 700
time take by thread id: is: 900
time take by thread id: is: 600
time take by thread id: is: 600
time take by thread id: is: 800
time take by thread id: is: 800
time take by thread id: is: 800
time take by thread id: is: 700
time take by thread id: is: 1000
time take by thread id: is: 1000
time take by thread id: is: 800
time take by thread id: is: 700
time take by thread id: is: 800
time take by thread id: is: 700
time take by thread id: is: 146500
time take by thread id: is: 1500
time take by thread id: is: 1100
time take by thread id: is: 12900
time take by thread id: is: 1000
time take by thread id: is: 1000
time take by thread id: is: 700
time take by thread id: is: 7600
time take by thread id: is: 800
time take by thread id: is: 700
time take by thread id: is: 700
time take by thread id: is: 800
time take by thread id: is: 800
time take by thread id: is: 1200
time take by thread id: is: 5600
time take by thread id: is: 1100
time take by thread id: is: 1100
time take by thread id: is: 900
time take by thread id: is: 800
time take by thread id: is: 600
time take by thread id: is: 800
time take by thread id: is: 800
time take by thread id: is: 5700
time take by thread id: is: 500
time take by thread id: is: 500
time take by thread id: is: 300
time take by thread id: is: 400
time take by thread id: is: 900
time take by thread id: is: 400
time take by thread id: is: 300
time take by thread id: is: 400
time take by thread id: is: 1500
time take by thread id: is: 21700
time take by thread id: is: 7500
time take by thread id: is: 5000
time take by thread id: is: 500
time take by thread id: is: 400
time take by thread id: is: 1600
time take by thread id: is: 600
time take by thread id: is: 400
time take by thread id: is: 400
time take by thread id: is: 400
time take by thread id: is: 400
time take by thread id: is: 400
time take by thread id: is: 400
time take by thread id: is: 400
time take by thread id: is: 500
time take by thread id: is: 400
time take by thread id: is: 300
time take by thread id: is: 300
time take by thread id: is: 400
time take by thread id: is: 400
time take by thread id: is: 400
time take by thread id: is: 300
time take by thread id: is: 500
time take by thread id: is: 400
time take by thread id: is: 400
time take by thread id: is: 400
time take by thread id: is: 400
time take by thread id: is: 500
time take by thread id: is: 400
time take by thread id: is: 400
time take by thread id: is: 400
time take by thread id: is: 500
time take by thread id: is: 400
time take by thread id: is: 400
time take by thread id: is: 400
time take by thread id: is: 400
time take by thread id: is: 1700
time take by thread id: is: 500
time take by thread id: is: 400
time take by thread id: is: 300
time take by thread id: is: 500
time take by thread id: is: 400
time take by thread id: is: 300
time take by thread id: is: 300
time take by thread id: is: 300
time take by thread id: is: 400
time take by thread id: is: 400
time take by thread id: is: 5500
time take by thread id: is: 400
time take by thread id: is: 600
time take by thread id: is: 400
time take by thread id: is: 400
time take by thread id: is: 300
time take by thread id: is: 400
time take by thread id: is: 800
time take by thread id: is: 400
time take by thread id: is: 600
time take by thread id: is: 400
time take by thread id: is: 300
time take by thread id: is: 300
time take by thread id: is: 600
time take by thread id: is: 400
time take by thread id: is: 300
time take by thread id: is: 300
time take by thread id: is: 300
time take by thread id: is: 300
time take by thread id: is: 500
time take by thread id: is: 300
time take by thread id: is: 300
time take by thread id: is: 400
time take by thread id: is: 300
time take by thread id: is: 300
time take by thread id: is: 500
time take by thread id: is: 300
time take by thread id: is: 300
time take by thread id: is: 300
time take by thread id: is: 300
time take by thread id: is: 300
time take by thread id: is: 300
time take by thread id: is: 800
time take by thread id: is: 400
time take by thread id: is: 300
time take by thread id: is: 400
time take by thread id: is: 6300
time take by thread id: is: 400
time take by thread id: is: 300
time take by thread id: is: 300
time take by thread id: is: 300
time take by thread id: is: 300
time take by thread id: is: 800
time take by thread id: is: 400
time take by thread id: is: 300
time take by thread id: is: 300
time take by thread id: is: 700
time take by thread id: is: 500
time take by thread id: is: 300
time take by thread id: is: 300
time take by thread id: is: 400
time take by thread id: is: 300
1024
]]></system-out>
  <system-err><![CDATA[]]></system-err>
</testsuite>
